2026-04-10 22:39:43,730 [INFO] database: Database initialised at polymarket_bot.db
2026-04-10 22:39:43,730 [INFO] __main__: ============================================================
2026-04-10 22:39:43,730 [INFO] __main__:   Polymarket Copy-Trade Bot  |  Mode: PAPER TRADE
2026-04-10 22:39:43,730 [INFO] __main__:   Watching 0 wallet(s)  |  Poll every 60s
2026-04-10 22:39:43,730 [INFO] __main__: ============================================================
2026-04-10 22:39:43,730 [WARNING] __main__: No wallets configured. Edit WATCHED_WALLETS in config.py
2026-04-10 22:39:43,730 [WARNING] __main__: Find top traders at: https://polymarket.com/leaderboard
2026-04-10 22:39:44,269 [INFO] __main__: ── Scanning wallets (05:39:44 UTC) ──
2026-04-10 22:39:44,270 [WARNING] wallet_monitor: WATCHED_WALLETS is empty. Add wallet addresses to config.py to start monitoring.
2026-04-10 22:40:14,003 [INFO] database: Database initialised at polymarket_bot.db
2026-04-10 22:40:14,003 [INFO] __main__: ============================================================
2026-04-10 22:40:14,003 [INFO] __main__:   Polymarket Copy-Trade Bot  |  Mode: PAPER TRADE
2026-04-10 22:40:14,003 [INFO] __main__:   Watching 0 wallet(s)  |  Poll every 60s
2026-04-10 22:40:14,003 [INFO] __main__: ============================================================
2026-04-10 22:40:14,003 [WARNING] __main__: No wallets configured. Edit WATCHED_WALLETS in config.py
2026-04-10 22:40:14,003 [WARNING] __main__: Find top traders at: https://polymarket.com/leaderboard
2026-04-10 22:40:14,493 [INFO] __main__: ── Scanning wallets (05:40:14 UTC) ──
2026-04-10 22:40:14,493 [WARNING] wallet_monitor: WATCHED_WALLETS is empty. Add wallet addresses to config.py to start monitoring.
2026-04-10 22:40:44,273 [INFO] __main__: ── Scanning wallets (05:40:44 UTC) ──
2026-04-10 22:40:44,274 [WARNING] wallet_monitor: WATCHED_WALLETS is empty. Add wallet addresses to config.py to start monitoring.
2026-04-10 22:41:14,496 [INFO] __main__: ── Scanning wallets (05:41:14 UTC) ──
2026-04-10 22:41:14,496 [WARNING] wallet_monitor: WATCHED_WALLETS is empty. Add wallet addresses to config.py to start monitoring.
2026-04-10 22:41:44,277 [INFO] __main__: ── Scanning wallets (05:41:44 UTC) ──
2026-04-10 22:41:44,280 [WARNING] wallet_monitor: WATCHED_WALLETS is empty. Add wallet addresses to config.py to start monitoring.
2026-04-10 22:42:14,501 [INFO] __main__: ── Scanning wallets (05:42:14 UTC) ──
2026-04-10 22:42:14,502 [WARNING] wallet_monitor: WATCHED_WALLETS is empty. Add wallet addresses to config.py to start monitoring.
2026-04-10 22:42:44,284 [INFO] __main__: ── Scanning wallets (05:42:44 UTC) ──
2026-04-10 22:42:44,286 [WARNING] wallet_monitor: WATCHED_WALLETS is empty. Add wallet addresses to config.py to start monitoring.
2026-04-10 22:43:14,509 [INFO] __main__: ── Scanning wallets (05:43:14 UTC) ──
2026-04-10 22:43:14,512 [WARNING] wallet_monitor: WATCHED_WALLETS is empty. Add wallet addresses to config.py to start monitoring.
2026-04-10 22:43:44,292 [INFO] __main__: ── Scanning wallets (05:43:44 UTC) ──
2026-04-10 22:43:44,296 [WARNING] wallet_monitor: WATCHED_WALLETS is empty. Add wallet addresses to config.py to start monitoring.
2026-04-10 22:44:14,518 [INFO] __main__: ── Scanning wallets (05:44:14 UTC) ──
2026-04-10 22:44:14,519 [WARNING] wallet_monitor: WATCHED_WALLETS is empty. Add wallet addresses to config.py to start monitoring.
2026-04-10 22:44:44,298 [INFO] __main__: ── Scanning wallets (05:44:44 UTC) ──
2026-04-10 22:44:44,302 [WARNING] wallet_monitor: WATCHED_WALLETS is empty. Add wallet addresses to config.py to start monitoring.
2026-04-10 22:45:14,525 [INFO] __main__: ── Scanning wallets (05:45:14 UTC) ──
2026-04-10 22:45:14,527 [WARNING] wallet_monitor: WATCHED_WALLETS is empty. Add wallet addresses to config.py to start monitoring.
2026-04-10 22:45:44,308 [INFO] __main__: ── Scanning wallets (05:45:44 UTC) ──
2026-04-10 22:45:44,311 [WARNING] wallet_monitor: WATCHED_WALLETS is empty. Add wallet addresses to config.py to start monitoring.
2026-04-10 22:46:14,531 [INFO] __main__: ── Scanning wallets (05:46:14 UTC) ──
2026-04-10 22:46:14,534 [WARNING] wallet_monitor: WATCHED_WALLETS is empty. Add wallet addresses to config.py to start monitoring.
2026-04-10 22:46:44,315 [INFO] __main__: ── Scanning wallets (05:46:44 UTC) ──
2026-04-10 22:46:44,317 [WARNING] wallet_monitor: WATCHED_WALLETS is empty. Add wallet addresses to config.py to start monitoring.
2026-04-10 22:47:14,535 [INFO] __main__: ── Scanning wallets (05:47:14 UTC) ──
2026-04-10 22:47:14,537 [WARNING] wallet_monitor: WATCHED_WALLETS is empty. Add wallet addresses to config.py to start monitoring.
2026-04-10 22:47:44,319 [INFO] __main__: ── Scanning wallets (05:47:44 UTC) ──
2026-04-10 22:47:44,322 [WARNING] wallet_monitor: WATCHED_WALLETS is empty. Add wallet addresses to config.py to start monitoring.
2026-04-10 22:48:14,543 [INFO] __main__: ── Scanning wallets (05:48:14 UTC) ──
2026-04-10 22:48:14,545 [WARNING] wallet_monitor: WATCHED_WALLETS is empty. Add wallet addresses to config.py to start monitoring.
2026-04-10 22:48:44,327 [INFO] __main__: ── Scanning wallets (05:48:44 UTC) ──
2026-04-10 22:48:44,329 [WARNING] wallet_monitor: WATCHED_WALLETS is empty. Add wallet addresses to config.py to start monitoring.
2026-04-10 22:48:44,339 [ERROR] __main__: Unexpected error in main loop: unsupported format string passed to NoneType.__format__
Traceback (most recent call last):
  File [35m"/Users/jasonuy/Polymarket/bot.py"[0m, line [35m172[0m, in [35mmain[0m
    [31mnotifier.notify_pnl_summary[0m[1;31m(database.get_pnl_summary())[0m
    [31m~~~~~~~~~~~~~~~~~~~~~~~~~~~[0m[1;31m^^^^^^^^^^^^^^^^^^^^^^^^^^^^[0m
  File [35m"/Users/jasonuy/Polymarket/notifier.py"[0m, line [35m82[0m, in [35mnotify_pnl_summary[0m
    f"Total P&L: $[1;31m{summary.get('total_pnl', 0):+.2f}[0m USDC"
                  [1;31m^^^^^^^^^^^^^^^^^^^^^^^^^^^^^^^^^^[0m
[1;35mTypeError[0m: [35munsupported format string passed to NoneType.__format__[0m
2026-04-10 22:49:14,548 [INFO] __main__: ── Scanning wallets (05:49:14 UTC) ──
2026-04-10 22:49:14,550 [WARNING] wallet_monitor: WATCHED_WALLETS is empty. Add wallet addresses to config.py to start monitoring.
2026-04-10 22:49:14,555 [ERROR] __main__: Unexpected error in main loop: unsupported format string passed to NoneType.__format__
Traceback (most recent call last):
  File [35m"/Users/jasonuy/Polymarket/bot.py"[0m, line [35m172[0m, in [35mmain[0m
    [31mnotifier.notify_pnl_summary[0m[1;31m(database.get_pnl_summary())[0m
    [31m~~~~~~~~~~~~~~~~~~~~~~~~~~~[0m[1;31m^^^^^^^^^^^^^^^^^^^^^^^^^^^^[0m
  File [35m"/Users/jasonuy/Polymarket/notifier.py"[0m, line [35m82[0m, in [35mnotify_pnl_summary[0m
    f"Total P&L: $[1;31m{summary.get('total_pnl', 0):+.2f}[0m USDC"
                  [1;31m^^^^^^^^^^^^^^^^^^^^^^^^^^^^^^^^^^[0m
[1;35mTypeError[0m: [35munsupported format string passed to NoneType.__format__[0m
2026-04-10 22:49:44,899 [INFO] __main__: ── Scanning wallets (05:49:44 UTC) ──
2026-04-10 22:49:44,901 [WARNING] wallet_monitor: WATCHED_WALLETS is empty. Add wallet addresses to config.py to start monitoring.
2026-04-10 22:50:15,053 [INFO] __main__: ── Scanning wallets (05:50:15 UTC) ──
2026-04-10 22:50:15,054 [WARNING] wallet_monitor: WATCHED_WALLETS is empty. Add wallet addresses to config.py to start monitoring.
2026-04-10 22:50:44,906 [INFO] __main__: ── Scanning wallets (05:50:44 UTC) ──
2026-04-10 22:50:44,909 [WARNING] wallet_monitor: WATCHED_WALLETS is empty. Add wallet addresses to config.py to start monitoring.
2026-04-10 22:51:15,058 [INFO] __main__: ── Scanning wallets (05:51:15 UTC) ──
2026-04-10 22:51:15,060 [WARNING] wallet_monitor: WATCHED_WALLETS is empty. Add wallet addresses to config.py to start monitoring.
2026-04-10 22:51:44,914 [INFO] __main__: ── Scanning wallets (05:51:44 UTC) ──
2026-04-10 22:51:44,916 [WARNING] wallet_monitor: WATCHED_WALLETS is empty. Add wallet addresses to config.py to start monitoring.
2026-04-10 22:52:15,065 [INFO] __main__: ── Scanning wallets (05:52:15 UTC) ──
2026-04-10 22:52:15,067 [WARNING] wallet_monitor: WATCHED_WALLETS is empty. Add wallet addresses to config.py to start monitoring.
2026-04-10 22:52:44,918 [INFO] __main__: ── Scanning wallets (05:52:44 UTC) ──
2026-04-10 22:52:44,920 [WARNING] wallet_monitor: WATCHED_WALLETS is empty. Add wallet addresses to config.py to start monitoring.
2026-04-10 22:53:15,071 [INFO] __main__: ── Scanning wallets (05:53:15 UTC) ──
2026-04-10 22:53:15,073 [WARNING] wallet_monitor: WATCHED_WALLETS is empty. Add wallet addresses to config.py to start monitoring.
2026-04-10 22:53:44,926 [INFO] __main__: ── Scanning wallets (05:53:44 UTC) ──
2026-04-10 22:53:44,930 [WARNING] wallet_monitor: WATCHED_WALLETS is empty. Add wallet addresses to config.py to start monitoring.
2026-04-10 22:54:15,079 [INFO] __main__: ── Scanning wallets (05:54:15 UTC) ──
2026-04-10 22:54:15,081 [WARNING] wallet_monitor: WATCHED_WALLETS is empty. Add wallet addresses to config.py to start monitoring.
2026-04-10 22:54:44,932 [INFO] __main__: ── Scanning wallets (05:54:44 UTC) ──
2026-04-10 22:54:44,934 [WARNING] wallet_monitor: WATCHED_WALLETS is empty. Add wallet addresses to config.py to start monitoring.
2026-04-10 22:55:15,088 [INFO] __main__: ── Scanning wallets (05:55:15 UTC) ──
2026-04-10 22:55:15,091 [WARNING] wallet_monitor: WATCHED_WALLETS is empty. Add wallet addresses to config.py to start monitoring.
2026-04-10 22:55:44,939 [INFO] __main__: ── Scanning wallets (05:55:44 UTC) ──
2026-04-10 22:55:44,941 [WARNING] wallet_monitor: WATCHED_WALLETS is empty. Add wallet addresses to config.py to start monitoring.
2026-04-10 22:56:15,092 [INFO] __main__: ── Scanning wallets (05:56:15 UTC) ──
2026-04-10 22:56:15,093 [WARNING] wallet_monitor: WATCHED_WALLETS is empty. Add wallet addresses to config.py to start monitoring.
2026-04-10 22:56:44,949 [INFO] __main__: ── Scanning wallets (05:56:44 UTC) ──
2026-04-10 22:56:44,952 [WARNING] wallet_monitor: WATCHED_WALLETS is empty. Add wallet addresses to config.py to start monitoring.
2026-04-10 22:57:15,101 [INFO] __main__: ── Scanning wallets (05:57:15 UTC) ──
2026-04-10 22:57:15,103 [WARNING] wallet_monitor: WATCHED_WALLETS is empty. Add wallet addresses to config.py to start monitoring.
2026-04-10 22:57:44,955 [INFO] __main__: ── Scanning wallets (05:57:44 UTC) ──
2026-04-10 22:57:44,956 [WARNING] wallet_monitor: WATCHED_WALLETS is empty. Add wallet addresses to config.py to start monitoring.
2026-04-10 22:58:15,109 [INFO] __main__: ── Scanning wallets (05:58:15 UTC) ──
2026-04-10 22:58:15,112 [WARNING] wallet_monitor: WATCHED_WALLETS is empty. Add wallet addresses to config.py to start monitoring.
2026-04-10 22:58:44,962 [INFO] __main__: ── Scanning wallets (05:58:44 UTC) ──
2026-04-10 22:58:44,964 [WARNING] wallet_monitor: WATCHED_WALLETS is empty. Add wallet addresses to config.py to start monitoring.
2026-04-10 22:58:44,968 [ERROR] __main__: Unexpected error in main loop: unsupported format string passed to NoneType.__format__
Traceback (most recent call last):
  File [35m"/Users/jasonuy/Polymarket/bot.py"[0m, line [35m172[0m, in [35mmain[0m
    [31mnotifier.notify_pnl_summary[0m[1;31m(database.get_pnl_summary())[0m
    [31m~~~~~~~~~~~~~~~~~~~~~~~~~~~[0m[1;31m^^^^^^^^^^^^^^^^^^^^^^^^^^^^[0m
  File [35m"/Users/jasonuy/Polymarket/notifier.py"[0m, line [35m82[0m, in [35mnotify_pnl_summary[0m
    f"Total P&L: $[1;31m{summary.get('total_pnl', 0):+.2f}[0m USDC"
                  [1;31m^^^^^^^^^^^^^^^^^^^^^^^^^^^^^^^^^^[0m
[1;35mTypeError[0m: [35munsupported format string passed to NoneType.__format__[0m
2026-04-10 22:59:15,113 [INFO] __main__: ── Scanning wallets (05:59:15 UTC) ──
2026-04-10 22:59:15,115 [WARNING] wallet_monitor: WATCHED_WALLETS is empty. Add wallet addresses to config.py to start monitoring.
2026-04-10 22:59:15,119 [ERROR] __main__: Unexpected error in main loop: unsupported format string passed to NoneType.__format__
Traceback (most recent call last):
  File [35m"/Users/jasonuy/Polymarket/bot.py"[0m, line [35m172[0m, in [35mmain[0m
    [31mnotifier.notify_pnl_summary[0m[1;31m(database.get_pnl_summary())[0m
    [31m~~~~~~~~~~~~~~~~~~~~~~~~~~~[0m[1;31m^^^^^^^^^^^^^^^^^^^^^^^^^^^^[0m
  File [35m"/Users/jasonuy/Polymarket/notifier.py"[0m, line [35m82[0m, in [35mnotify_pnl_summary[0m
    f"Total P&L: $[1;31m{summary.get('total_pnl', 0):+.2f}[0m USDC"
                  [1;31m^^^^^^^^^^^^^^^^^^^^^^^^^^^^^^^^^^[0m
[1;35mTypeError[0m: [35munsupported format string passed to NoneType.__format__[0m
2026-04-10 22:59:45,501 [INFO] __main__: ── Scanning wallets (05:59:45 UTC) ──
2026-04-10 22:59:45,504 [WARNING] wallet_monitor: WATCHED_WALLETS is empty. Add wallet addresses to config.py to start monitoring.
2026-04-10 23:00:15,669 [INFO] __main__: ── Scanning wallets (06:00:15 UTC) ──
2026-04-10 23:00:15,671 [WARNING] wallet_monitor: WATCHED_WALLETS is empty. Add wallet addresses to config.py to start monitoring.
2026-04-10 23:00:45,508 [INFO] __main__: ── Scanning wallets (06:00:45 UTC) ──
2026-04-10 23:00:45,511 [WARNING] wallet_monitor: WATCHED_WALLETS is empty. Add wallet addresses to config.py to start monitoring.
2026-04-10 23:01:15,676 [INFO] __main__: ── Scanning wallets (06:01:15 UTC) ──
2026-04-10 23:01:15,678 [WARNING] wallet_monitor: WATCHED_WALLETS is empty. Add wallet addresses to config.py to start monitoring.
2026-04-10 23:01:45,516 [INFO] __main__: ── Scanning wallets (06:01:45 UTC) ──
2026-04-10 23:01:45,519 [WARNING] wallet_monitor: WATCHED_WALLETS is empty. Add wallet addresses to config.py to start monitoring.
2026-04-10 23:02:15,687 [INFO] __main__: ── Scanning wallets (06:02:15 UTC) ──
2026-04-10 23:02:15,690 [WARNING] wallet_monitor: WATCHED_WALLETS is empty. Add wallet addresses to config.py to start monitoring.
2026-04-10 23:02:45,525 [INFO] __main__: ── Scanning wallets (06:02:45 UTC) ──
2026-04-10 23:02:45,528 [WARNING] wallet_monitor: WATCHED_WALLETS is empty. Add wallet addresses to config.py to start monitoring.
2026-04-10 23:03:15,697 [INFO] __main__: ── Scanning wallets (06:03:15 UTC) ──
2026-04-10 23:03:15,698 [WARNING] wallet_monitor: WATCHED_WALLETS is empty. Add wallet addresses to config.py to start monitoring.
2026-04-10 23:03:45,533 [INFO] __main__: ── Scanning wallets (06:03:45 UTC) ──
2026-04-10 23:03:45,536 [WARNING] wallet_monitor: WATCHED_WALLETS is empty. Add wallet addresses to config.py to start monitoring.
2026-04-10 23:04:15,699 [INFO] __main__: ── Scanning wallets (06:04:15 UTC) ──
2026-04-10 23:04:15,700 [WARNING] wallet_monitor: WATCHED_WALLETS is empty. Add wallet addresses to config.py to start monitoring.
2026-04-10 23:04:45,538 [INFO] __main__: ── Scanning wallets (06:04:45 UTC) ──
2026-04-10 23:04:45,541 [WARNING] wallet_monitor: WATCHED_WALLETS is empty. Add wallet addresses to config.py to start monitoring.
2026-04-10 23:05:15,706 [INFO] __main__: ── Scanning wallets (06:05:15 UTC) ──
2026-04-10 23:05:15,708 [WARNING] wallet_monitor: WATCHED_WALLETS is empty. Add wallet addresses to config.py to start monitoring.
2026-04-10 23:05:45,542 [INFO] __main__: ── Scanning wallets (06:05:45 UTC) ──
2026-04-10 23:05:45,544 [WARNING] wallet_monitor: WATCHED_WALLETS is empty. Add wallet addresses to config.py to start monitoring.
2026-04-10 23:06:15,710 [INFO] __main__: ── Scanning wallets (06:06:15 UTC) ──
2026-04-10 23:06:15,713 [WARNING] wallet_monitor: WATCHED_WALLETS is empty. Add wallet addresses to config.py to start monitoring.
2026-04-10 23:06:45,549 [INFO] __main__: ── Scanning wallets (06:06:45 UTC) ──
2026-04-10 23:06:45,552 [WARNING] wallet_monitor: WATCHED_WALLETS is empty. Add wallet addresses to config.py to start monitoring.
2026-04-10 23:07:15,714 [INFO] __main__: ── Scanning wallets (06:07:15 UTC) ──
2026-04-10 23:07:15,716 [WARNING] wallet_monitor: WATCHED_WALLETS is empty. Add wallet addresses to config.py to start monitoring.
2026-04-10 23:07:45,553 [INFO] __main__: ── Scanning wallets (06:07:45 UTC) ──
2026-04-10 23:07:45,556 [WARNING] wallet_monitor: WATCHED_WALLETS is empty. Add wallet addresses to config.py to start monitoring.
2026-04-10 23:08:15,722 [INFO] __main__: ── Scanning wallets (06:08:15 UTC) ──
2026-04-10 23:08:15,724 [WARNING] wallet_monitor: WATCHED_WALLETS is empty. Add wallet addresses to config.py to start monitoring.
2026-04-10 23:08:45,561 [INFO] __main__: ── Scanning wallets (06:08:45 UTC) ──
2026-04-10 23:08:45,563 [WARNING] wallet_monitor: WATCHED_WALLETS is empty. Add wallet addresses to config.py to start monitoring.
2026-04-10 23:08:45,567 [ERROR] __main__: Unexpected error in main loop: unsupported format string passed to NoneType.__format__
Traceback (most recent call last):
  File [35m"/Users/jasonuy/Polymarket/bot.py"[0m, line [35m172[0m, in [35mmain[0m
    [31mnotifier.notify_pnl_summary[0m[1;31m(database.get_pnl_summary())[0m
    [31m~~~~~~~~~~~~~~~~~~~~~~~~~~~[0m[1;31m^^^^^^^^^^^^^^^^^^^^^^^^^^^^[0m
  File [35m"/Users/jasonuy/Polymarket/notifier.py"[0m, line [35m82[0m, in [35mnotify_pnl_summary[0m
    f"Total P&L: $[1;31m{summary.get('total_pnl', 0):+.2f}[0m USDC"
                  [1;31m^^^^^^^^^^^^^^^^^^^^^^^^^^^^^^^^^^[0m
[1;35mTypeError[0m: [35munsupported format string passed to NoneType.__format__[0m
2026-04-10 23:09:15,725 [INFO] __main__: ── Scanning wallets (06:09:15 UTC) ──
2026-04-10 23:09:15,727 [WARNING] wallet_monitor: WATCHED_WALLETS is empty. Add wallet addresses to config.py to start monitoring.
2026-04-10 23:09:15,731 [ERROR] __main__: Unexpected error in main loop: unsupported format string passed to NoneType.__format__
Traceback (most recent call last):
  File [35m"/Users/jasonuy/Polymarket/bot.py"[0m, line [35m172[0m, in [35mmain[0m
    [31mnotifier.notify_pnl_summary[0m[1;31m(database.get_pnl_summary())[0m
    [31m~~~~~~~~~~~~~~~~~~~~~~~~~~~[0m[1;31m^^^^^^^^^^^^^^^^^^^^^^^^^^^^[0m
  File [35m"/Users/jasonuy/Polymarket/notifier.py"[0m, line [35m82[0m, in [35mnotify_pnl_summary[0m
    f"Total P&L: $[1;31m{summary.get('total_pnl', 0):+.2f}[0m USDC"
                  [1;31m^^^^^^^^^^^^^^^^^^^^^^^^^^^^^^^^^^[0m
[1;35mTypeError[0m: [35munsupported format string passed to NoneType.__format__[0m
2026-04-10 23:09:46,106 [INFO] __main__: ── Scanning wallets (06:09:46 UTC) ──
2026-04-10 23:09:46,108 [WARNING] wallet_monitor: WATCHED_WALLETS is empty. Add wallet addresses to config.py to start monitoring.
2026-04-10 23:10:16,275 [INFO] __main__: ── Scanning wallets (06:10:16 UTC) ──
2026-04-10 23:10:16,277 [WARNING] wallet_monitor: WATCHED_WALLETS is empty. Add wallet addresses to config.py to start monitoring.
2026-04-10 23:10:46,112 [INFO] __main__: ── Scanning wallets (06:10:46 UTC) ──
2026-04-10 23:10:46,115 [WARNING] wallet_monitor: WATCHED_WALLETS is empty. Add wallet addresses to config.py to start monitoring.
2026-04-10 23:11:16,283 [INFO] __main__: ── Scanning wallets (06:11:16 UTC) ──
2026-04-10 23:11:16,286 [WARNING] wallet_monitor: WATCHED_WALLETS is empty. Add wallet addresses to config.py to start monitoring.
2026-04-10 23:11:46,117 [INFO] __main__: ── Scanning wallets (06:11:46 UTC) ──
2026-04-10 23:11:46,119 [WARNING] wallet_monitor: WATCHED_WALLETS is empty. Add wallet addresses to config.py to start monitoring.
2026-04-10 23:12:16,291 [INFO] __main__: ── Scanning wallets (06:12:16 UTC) ──
2026-04-10 23:12:16,294 [WARNING] wallet_monitor: WATCHED_WALLETS is empty. Add wallet addresses to config.py to start monitoring.
2026-04-10 23:12:46,121 [INFO] __main__: ── Scanning wallets (06:12:46 UTC) ──
2026-04-10 23:12:46,124 [WARNING] wallet_monitor: WATCHED_WALLETS is empty. Add wallet addresses to config.py to start monitoring.
2026-04-10 23:13:16,296 [INFO] __main__: ── Scanning wallets (06:13:16 UTC) ──
2026-04-10 23:13:16,299 [WARNING] wallet_monitor: WATCHED_WALLETS is empty. Add wallet addresses to config.py to start monitoring.
2026-04-10 23:13:46,128 [INFO] __main__: ── Scanning wallets (06:13:46 UTC) ──
2026-04-10 23:13:46,130 [WARNING] wallet_monitor: WATCHED_WALLETS is empty. Add wallet addresses to config.py to start monitoring.
2026-04-10 23:14:16,304 [INFO] __main__: ── Scanning wallets (06:14:16 UTC) ──
2026-04-10 23:14:16,307 [WARNING] wallet_monitor: WATCHED_WALLETS is empty. Add wallet addresses to config.py to start monitoring.
2026-04-10 23:14:46,135 [INFO] __main__: ── Scanning wallets (06:14:46 UTC) ──
2026-04-10 23:14:46,138 [WARNING] wallet_monitor: WATCHED_WALLETS is empty. Add wallet addresses to config.py to start monitoring.
2026-04-10 23:15:16,310 [INFO] __main__: ── Scanning wallets (06:15:16 UTC) ──
2026-04-10 23:15:16,313 [WARNING] wallet_monitor: WATCHED_WALLETS is empty. Add wallet addresses to config.py to start monitoring.
2026-04-10 23:15:46,142 [INFO] __main__: ── Scanning wallets (06:15:46 UTC) ──
2026-04-10 23:15:46,145 [WARNING] wallet_monitor: WATCHED_WALLETS is empty. Add wallet addresses to config.py to start monitoring.
2026-04-10 23:16:16,318 [INFO] __main__: ── Scanning wallets (06:16:16 UTC) ──
2026-04-10 23:16:16,322 [WARNING] wallet_monitor: WATCHED_WALLETS is empty. Add wallet addresses to config.py to start monitoring.
2026-04-10 23:16:46,146 [INFO] __main__: ── Scanning wallets (06:16:46 UTC) ──
2026-04-10 23:16:46,149 [WARNING] wallet_monitor: WATCHED_WALLETS is empty. Add wallet addresses to config.py to start monitoring.
2026-04-10 23:17:16,328 [INFO] __main__: ── Scanning wallets (06:17:16 UTC) ──
2026-04-10 23:17:16,331 [WARNING] wallet_monitor: WATCHED_WALLETS is empty. Add wallet addresses to config.py to start monitoring.
2026-04-10 23:17:46,155 [INFO] __main__: ── Scanning wallets (06:17:46 UTC) ──
2026-04-10 23:17:46,158 [WARNING] wallet_monitor: WATCHED_WALLETS is empty. Add wallet addresses to config.py to start monitoring.
2026-04-10 23:18:16,335 [INFO] __main__: ── Scanning wallets (06:18:16 UTC) ──
2026-04-10 23:18:16,337 [WARNING] wallet_monitor: WATCHED_WALLETS is empty. Add wallet addresses to config.py to start monitoring.
2026-04-10 23:18:46,159 [INFO] __main__: ── Scanning wallets (06:18:46 UTC) ──
2026-04-10 23:18:46,162 [WARNING] wallet_monitor: WATCHED_WALLETS is empty. Add wallet addresses to config.py to start monitoring.
2026-04-10 23:18:46,164 [ERROR] __main__: Unexpected error in main loop: unsupported format string passed to NoneType.__format__
Traceback (most recent call last):
  File [35m"/Users/jasonuy/Polymarket/bot.py"[0m, line [35m172[0m, in [35mmain[0m
    [31mnotifier.notify_pnl_summary[0m[1;31m(database.get_pnl_summary())[0m
    [31m~~~~~~~~~~~~~~~~~~~~~~~~~~~[0m[1;31m^^^^^^^^^^^^^^^^^^^^^^^^^^^^[0m
  File [35m"/Users/jasonuy/Polymarket/notifier.py"[0m, line [35m82[0m, in [35mnotify_pnl_summary[0m
    f"Total P&L: $[1;31m{summary.get('total_pnl', 0):+.2f}[0m USDC"
                  [1;31m^^^^^^^^^^^^^^^^^^^^^^^^^^^^^^^^^^[0m
[1;35mTypeError[0m: [35munsupported format string passed to NoneType.__format__[0m
2026-04-10 23:19:16,338 [INFO] __main__: ── Scanning wallets (06:19:16 UTC) ──
2026-04-10 23:19:16,341 [WARNING] wallet_monitor: WATCHED_WALLETS is empty. Add wallet addresses to config.py to start monitoring.
2026-04-10 23:19:16,345 [ERROR] __main__: Unexpected error in main loop: unsupported format string passed to NoneType.__format__
Traceback (most recent call last):
  File [35m"/Users/jasonuy/Polymarket/bot.py"[0m, line [35m172[0m, in [35mmain[0m
  File [35m"/Users/jasonuy/Polymarket/notifier.py"[0m, line [35m82[0m, in [35mnotify_pnl_summary[0m
    f"Total P&L: $[1;31m{summary.get('total_pnl', 0):+.2f}[0m USDC"
                  [1;31m^^^^^^^^^^^^^^^^^^^^^^^^^^^^^^^^^^[0m
[1;35mTypeError[0m: [35munsupported format string passed to NoneType.__format__[0m
2026-04-10 23:19:46,692 [INFO] __main__: ── Scanning wallets (06:19:46 UTC) ──
2026-04-10 23:19:46,693 [WARNING] wallet_monitor: WATCHED_WALLETS is empty. Add wallet addresses to config.py to start monitoring.
2026-04-10 23:20:16,880 [INFO] __main__: ── Scanning wallets (06:20:16 UTC) ──
2026-04-10 23:20:16,882 [WARNING] wallet_monitor: WATCHED_WALLETS is empty. Add wallet addresses to config.py to start monitoring.
2026-04-10 23:20:27,763 [INFO] database: Database initialised at polymarket_bot.db
2026-04-10 23:20:27,763 [INFO] __main__: No wallets configured — auto-discovering top wallets from leaderboard...
2026-04-10 23:20:27,763 [INFO] wallet_discovery: Fetching Polymarket leaderboard to discover top wallets...
2026-04-10 23:20:27,958 [ERROR] api_client: GET https://data-api.polymarket.com/profiles failed: 404 Client Error: Not Found for url: https://data-api.polymarket.com/profiles?limit=100&sortBy=profitAndLoss&sortDirection=DESC
2026-04-10 23:20:28,104 [ERROR] api_client: GET https://data-api.polymarket.com/leaderboard failed: 404 Client Error: Not Found for url: https://data-api.polymarket.com/leaderboard?limit=100&window=all
2026-04-10 23:20:28,104 [WARNING] wallet_discovery: Leaderboard returned no data — check API connectivity
2026-04-10 23:20:28,104 [ERROR] __main__: Auto-discovery returned no wallets. Check your internet connection or add wallets manually in config.py
2026-04-10 23:20:28,104 [INFO] __main__: ============================================================
2026-04-10 23:20:28,104 [INFO] __main__:   Polymarket Copy-Trade Bot  |  Mode: PAPER TRADE
2026-04-10 23:20:28,105 [INFO] __main__:   Watching 0 wallet(s)  |  Poll every 60s
2026-04-10 23:20:28,105 [INFO] __main__: ============================================================
2026-04-10 23:20:28,614 [INFO] __main__: ── Scanning wallets (06:20:28 UTC) ──
2026-04-10 23:20:28,615 [WARNING] wallet_monitor: No wallets to monitor. Auto-discovery may have failed.
2026-04-10 23:20:46,698 [INFO] __main__: ── Scanning wallets (06:20:46 UTC) ──
2026-04-10 23:20:46,700 [WARNING] wallet_monitor: WATCHED_WALLETS is empty. Add wallet addresses to config.py to start monitoring.
2026-04-10 23:21:16,887 [INFO] __main__: ── Scanning wallets (06:21:16 UTC) ──
2026-04-10 23:21:16,890 [WARNING] wallet_monitor: WATCHED_WALLETS is empty. Add wallet addresses to config.py to start monitoring.
2026-04-10 23:21:28,617 [INFO] __main__: ── Scanning wallets (06:21:28 UTC) ──
2026-04-10 23:21:28,619 [WARNING] wallet_monitor: No wallets to monitor. Auto-discovery may have failed.
2026-04-10 23:21:46,706 [INFO] __main__: ── Scanning wallets (06:21:46 UTC) ──
2026-04-10 23:21:46,710 [WARNING] wallet_monitor: WATCHED_WALLETS is empty. Add wallet addresses to config.py to start monitoring.
2026-04-10 23:22:16,894 [INFO] __main__: ── Scanning wallets (06:22:16 UTC) ──
2026-04-10 23:22:16,896 [WARNING] wallet_monitor: WATCHED_WALLETS is empty. Add wallet addresses to config.py to start monitoring.
2026-04-10 23:22:28,623 [INFO] __main__: ── Scanning wallets (06:22:28 UTC) ──
2026-04-10 23:22:28,625 [WARNING] wallet_monitor: No wallets to monitor. Auto-discovery may have failed.
2026-04-10 23:22:46,714 [INFO] __main__: ── Scanning wallets (06:22:46 UTC) ──
2026-04-10 23:22:46,716 [WARNING] wallet_monitor: WATCHED_WALLETS is empty. Add wallet addresses to config.py to start monitoring.
2026-04-10 23:23:16,902 [INFO] __main__: ── Scanning wallets (06:23:16 UTC) ──
2026-04-10 23:23:16,905 [WARNING] wallet_monitor: WATCHED_WALLETS is empty. Add wallet addresses to config.py to start monitoring.
2026-04-10 23:23:28,631 [INFO] __main__: ── Scanning wallets (06:23:28 UTC) ──
2026-04-10 23:23:28,633 [WARNING] wallet_monitor: No wallets to monitor. Auto-discovery may have failed.
2026-04-10 23:23:46,721 [INFO] __main__: ── Scanning wallets (06:23:46 UTC) ──
2026-04-10 23:23:46,723 [WARNING] wallet_monitor: WATCHED_WALLETS is empty. Add wallet addresses to config.py to start monitoring.
2026-04-10 23:24:10,887 [INFO] database: Database initialised at polymarket_bot.db
2026-04-10 23:24:10,887 [INFO] __main__: No wallets configured — auto-discovering top wallets from leaderboard...
2026-04-10 23:24:10,887 [INFO] wallet_discovery: Auto-discovering top wallets from Polymarket leaderboard...
2026-04-10 23:24:11,016 [INFO] wallet_discovery: Discovered 10 wallets from leaderboard:
2026-04-10 23:24:11,016 [INFO] wallet_discovery:   1. 0x02227b8f5a9636e895607edd3185ed6ee5598ff7
2026-04-10 23:24:11,016 [INFO] wallet_discovery:   2. 0xefbc5fec8d7b0acdc8911bdd9a98d6964308f9a2
2026-04-10 23:24:11,016 [INFO] wallet_discovery:   3. 0xc2e7800b5af46e6093872b177b7a5e7f0563be51
2026-04-10 23:24:11,016 [INFO] wallet_discovery:   4. 0x019782cab5d844f02bafb71f512758be78579f3c
2026-04-10 23:24:11,016 [INFO] wallet_discovery:   5. 0x2005d16a84ceefa912d4e380cd32e7ff827875ea
2026-04-10 23:24:11,016 [INFO] wallet_discovery:   6. 0xbddf61af533ff524d27154e589d2d7a81510c684
2026-04-10 23:24:11,016 [INFO] wallet_discovery:   7. 0xee613b3fc183ee44f9da9c05f53e2da107e3debf
2026-04-10 23:24:11,016 [INFO] wallet_discovery:   8. 0x2a2c53bd278c04da9962fcf96490e17f3dfb9bc1
2026-04-10 23:24:11,017 [INFO] wallet_discovery:   9. 0x93abbc022ce98d6f45d4444b594791cc4b7a9723
2026-04-10 23:24:11,017 [INFO] wallet_discovery:   10. 0xdc876e6873772d38716fda7f2452a78d426d7ab6
2026-04-10 23:24:11,017 [INFO] __main__: ============================================================
2026-04-10 23:24:11,017 [INFO] __main__:   Polymarket Copy-Trade Bot  |  Mode: PAPER TRADE
2026-04-10 23:24:11,017 [INFO] __main__:   Watching 10 wallet(s)  |  Poll every 60s
2026-04-10 23:24:11,017 [INFO] __main__: ============================================================
2026-04-10 23:24:11,547 [INFO] __main__: ── Scanning wallets (06:24:11 UTC) ──
2026-04-10 23:24:16,907 [INFO] __main__: ── Scanning wallets (06:24:16 UTC) ──
2026-04-10 23:24:16,908 [WARNING] wallet_monitor: WATCHED_WALLETS is empty. Add wallet addresses to config.py to start monitoring.
2026-04-10 23:24:28,636 [INFO] __main__: ── Scanning wallets (06:24:28 UTC) ──
2026-04-10 23:24:28,637 [WARNING] wallet_monitor: No wallets to monitor. Auto-discovery may have failed.
2026-04-10 23:24:46,725 [INFO] __main__: ── Scanning wallets (06:24:46 UTC) ──
2026-04-10 23:24:46,728 [WARNING] wallet_monitor: WATCHED_WALLETS is empty. Add wallet addresses to config.py to start monitoring.
2026-04-10 23:25:13,224 [INFO] __main__: ── Scanning wallets (06:25:13 UTC) ──
2026-04-10 23:25:16,913 [INFO] __main__: ── Scanning wallets (06:25:16 UTC) ──
2026-04-10 23:25:16,915 [WARNING] wallet_monitor: WATCHED_WALLETS is empty. Add wallet addresses to config.py to start monitoring.
2026-04-10 23:25:28,639 [INFO] __main__: ── Scanning wallets (06:25:28 UTC) ──
2026-04-10 23:25:28,641 [WARNING] wallet_monitor: No wallets to monitor. Auto-discovery may have failed.
2026-04-10 23:25:46,730 [INFO] __main__: ── Scanning wallets (06:25:46 UTC) ──
2026-04-10 23:25:46,730 [WARNING] wallet_monitor: WATCHED_WALLETS is empty. Add wallet addresses to config.py to start monitoring.
2026-04-10 23:26:03,982 [INFO] database: Database initialised at polymarket_bot.db
2026-04-10 23:26:03,982 [INFO] __main__: No wallets configured — auto-discovering top wallets from leaderboard...
2026-04-10 23:26:03,982 [INFO] wallet_discovery: Auto-discovering top wallets from Polymarket leaderboard...
2026-04-10 23:26:04,111 [INFO] wallet_discovery: Discovered 10 wallets from leaderboard:
2026-04-10 23:26:04,111 [INFO] wallet_discovery:   1. 0x02227b8f5a9636e895607edd3185ed6ee5598ff7
2026-04-10 23:26:04,112 [INFO] wallet_discovery:   2. 0xefbc5fec8d7b0acdc8911bdd9a98d6964308f9a2
2026-04-10 23:26:04,112 [INFO] wallet_discovery:   3. 0xc2e7800b5af46e6093872b177b7a5e7f0563be51
2026-04-10 23:26:04,112 [INFO] wallet_discovery:   4. 0x019782cab5d844f02bafb71f512758be78579f3c
2026-04-10 23:26:04,112 [INFO] wallet_discovery:   5. 0x2005d16a84ceefa912d4e380cd32e7ff827875ea
2026-04-10 23:26:04,112 [INFO] wallet_discovery:   6. 0xbddf61af533ff524d27154e589d2d7a81510c684
2026-04-10 23:26:04,112 [INFO] wallet_discovery:   7. 0xee613b3fc183ee44f9da9c05f53e2da107e3debf
2026-04-10 23:26:04,112 [INFO] wallet_discovery:   8. 0x2a2c53bd278c04da9962fcf96490e17f3dfb9bc1
2026-04-10 23:26:04,112 [INFO] wallet_discovery:   9. 0x93abbc022ce98d6f45d4444b594791cc4b7a9723
2026-04-10 23:26:04,112 [INFO] wallet_discovery:   10. 0xdc876e6873772d38716fda7f2452a78d426d7ab6
2026-04-10 23:26:04,112 [INFO] __main__: ============================================================
2026-04-10 23:26:04,112 [INFO] __main__:   Polymarket Copy-Trade Bot  |  Mode: PAPER TRADE
2026-04-10 23:26:04,112 [INFO] __main__:   Watching 10 wallet(s)  |  Poll every 60s
2026-04-10 23:26:04,112 [INFO] __main__: ============================================================
2026-04-10 23:26:04,637 [INFO] __main__: ── Scanning wallets (06:26:04 UTC) ──
2026-04-10 23:26:13,924 [INFO] __main__: ── Scanning wallets (06:26:13 UTC) ──
2026-04-10 23:26:16,918 [INFO] __main__: ── Scanning wallets (06:26:16 UTC) ──
2026-04-10 23:26:16,921 [WARNING] wallet_monitor: WATCHED_WALLETS is empty. Add wallet addresses to config.py to start monitoring.
2026-04-10 23:26:28,646 [INFO] __main__: ── Scanning wallets (06:26:28 UTC) ──
2026-04-10 23:26:28,648 [WARNING] wallet_monitor: No wallets to monitor. Auto-discovery may have failed.
2026-04-10 23:26:46,733 [INFO] __main__: ── Scanning wallets (06:26:46 UTC) ──
2026-04-10 23:26:46,737 [WARNING] wallet_monitor: WATCHED_WALLETS is empty. Add wallet addresses to config.py to start monitoring.
2026-04-10 23:27:05,318 [INFO] __main__: ── Scanning wallets (06:27:05 UTC) ──
2026-04-10 23:27:15,527 [INFO] __main__: ── Scanning wallets (06:27:15 UTC) ──
2026-04-10 23:27:16,922 [INFO] __main__: ── Scanning wallets (06:27:16 UTC) ──
2026-04-10 23:27:16,924 [WARNING] wallet_monitor: WATCHED_WALLETS is empty. Add wallet addresses to config.py to start monitoring.
2026-04-10 23:27:28,651 [INFO] __main__: ── Scanning wallets (06:27:28 UTC) ──
2026-04-10 23:27:28,651 [WARNING] wallet_monitor: No wallets to monitor. Auto-discovery may have failed.
2026-04-10 23:27:46,739 [INFO] __main__: ── Scanning wallets (06:27:46 UTC) ──
2026-04-10 23:27:46,741 [WARNING] wallet_monitor: WATCHED_WALLETS is empty. Add wallet addresses to config.py to start monitoring.
2026-04-10 23:28:05,959 [INFO] __main__: ── Scanning wallets (06:28:05 UTC) ──
2026-04-10 23:28:16,929 [INFO] __main__: ── Scanning wallets (06:28:16 UTC) ──
2026-04-10 23:28:16,930 [WARNING] wallet_monitor: WATCHED_WALLETS is empty. Add wallet addresses to config.py to start monitoring.
2026-04-10 23:28:16,933 [INFO] __main__: ── Scanning wallets (06:28:16 UTC) ──
2026-04-10 23:28:28,657 [INFO] __main__: ── Scanning wallets (06:28:28 UTC) ──
2026-04-10 23:28:28,659 [WARNING] wallet_monitor: No wallets to monitor. Auto-discovery may have failed.
2026-04-10 23:28:46,746 [INFO] __main__: ── Scanning wallets (06:28:46 UTC) ──
2026-04-10 23:28:46,748 [WARNING] wallet_monitor: WATCHED_WALLETS is empty. Add wallet addresses to config.py to start monitoring.
2026-04-10 23:28:46,753 [ERROR] __main__: Unexpected error in main loop: unsupported format string passed to NoneType.__format__
Traceback (most recent call last):
  File [35m"/Users/jasonuy/Polymarket/bot.py"[0m, line [35m172[0m, in [35mmain[0m
    # Inject into wallet_monitor so it uses our runtime list
  File [35m"/Users/jasonuy/Polymarket/notifier.py"[0m, line [35m82[0m, in [35mnotify_pnl_summary[0m
    f"Total P&L: $[1;31m{summary.get('total_pnl', 0):+.2f}[0m USDC"
                  [1;31m^^^^^^^^^^^^^^^^^^^^^^^^^^^^^^^^^^[0m
[1;35mTypeError[0m: [35munsupported format string passed to NoneType.__format__[0m
2026-04-10 23:29:06,995 [INFO] __main__: ── Scanning wallets (06:29:06 UTC) ──
2026-04-10 23:29:16,932 [INFO] __main__: ── Scanning wallets (06:29:16 UTC) ──
2026-04-10 23:29:16,934 [WARNING] wallet_monitor: WATCHED_WALLETS is empty. Add wallet addresses to config.py to start monitoring.
2026-04-10 23:29:16,939 [ERROR] __main__: Unexpected error in main loop: unsupported format string passed to NoneType.__format__
Traceback (most recent call last):
  File [35m"/Users/jasonuy/Polymarket/bot.py"[0m, line [35m172[0m, in [35mmain[0m
    # Inject into wallet_monitor so it uses our runtime list
  File [35m"/Users/jasonuy/Polymarket/notifier.py"[0m, line [35m82[0m, in [35mnotify_pnl_summary[0m
    f"Total P&L: $[1;31m{summary.get('total_pnl', 0):+.2f}[0m USDC"
                  [1;31m^^^^^^^^^^^^^^^^^^^^^^^^^^^^^^^^^^[0m
[1;35mTypeError[0m: [35munsupported format string passed to NoneType.__format__[0m
2026-04-10 23:29:17,617 [INFO] __main__: ── Scanning wallets (06:29:17 UTC) ──
2026-04-10 23:29:28,664 [INFO] __main__: ── Scanning wallets (06:29:28 UTC) ──
2026-04-10 23:29:28,665 [WARNING] wallet_monitor: No wallets to monitor. Auto-discovery may have failed.
2026-04-10 23:29:28,674 [ERROR] __main__: Unexpected error in main loop: unsupported format string passed to NoneType.__format__
Traceback (most recent call last):
  File [35m"/Users/jasonuy/Polymarket/bot.py"[0m, line [35m200[0m, in [35mmain[0m
    [31mnotifier.notify_pnl_summary[0m[1;31m(database.get_pnl_summary())[0m
    [31m~~~~~~~~~~~~~~~~~~~~~~~~~~~[0m[1;31m^^^^^^^^^^^^^^^^^^^^^^^^^^^^[0m
  File [35m"/Users/jasonuy/Polymarket/notifier.py"[0m, line [35m82[0m, in [35mnotify_pnl_summary[0m
    f"Total P&L: $[1;31m{summary.get('total_pnl', 0):+.2f}[0m USDC"
                  [1;31m^^^^^^^^^^^^^^^^^^^^^^^^^^^^^^^^^^[0m
[1;35mTypeError[0m: [35munsupported format string passed to NoneType.__format__[0m
2026-04-10 23:29:47,271 [INFO] __main__: ── Scanning wallets (06:29:47 UTC) ──
2026-04-10 23:29:47,274 [WARNING] wallet_monitor: WATCHED_WALLETS is empty. Add wallet addresses to config.py to start monitoring.
2026-04-10 23:30:08,176 [INFO] __main__: ── Scanning wallets (06:30:08 UTC) ──
2026-04-10 23:30:17,463 [INFO] __main__: ── Scanning wallets (06:30:17 UTC) ──
2026-04-10 23:30:17,465 [WARNING] wallet_monitor: WATCHED_WALLETS is empty. Add wallet addresses to config.py to start monitoring.
2026-04-10 23:30:19,015 [INFO] __main__: ── Scanning wallets (06:30:19 UTC) ──
2026-04-10 23:30:29,179 [INFO] __main__: ── Scanning wallets (06:30:29 UTC) ──
2026-04-10 23:30:29,179 [WARNING] wallet_monitor: No wallets to monitor. Auto-discovery may have failed.
2026-04-10 23:30:47,280 [INFO] __main__: ── Scanning wallets (06:30:47 UTC) ──
2026-04-10 23:30:47,281 [WARNING] wallet_monitor: WATCHED_WALLETS is empty. Add wallet addresses to config.py to start monitoring.
2026-04-10 23:31:08,839 [INFO] __main__: ── Scanning wallets (06:31:08 UTC) ──
2026-04-10 23:31:17,470 [INFO] __main__: ── Scanning wallets (06:31:17 UTC) ──
2026-04-10 23:31:17,472 [WARNING] wallet_monitor: WATCHED_WALLETS is empty. Add wallet addresses to config.py to start monitoring.
2026-04-10 23:31:20,104 [INFO] __main__: ── Scanning wallets (06:31:20 UTC) ──
2026-04-10 23:31:29,185 [INFO] __main__: ── Scanning wallets (06:31:29 UTC) ──
2026-04-10 23:31:29,187 [WARNING] wallet_monitor: No wallets to monitor. Auto-discovery may have failed.
2026-04-10 23:31:47,282 [INFO] __main__: ── Scanning wallets (06:31:47 UTC) ──
2026-04-10 23:31:47,284 [WARNING] wallet_monitor: WATCHED_WALLETS is empty. Add wallet addresses to config.py to start monitoring.
2026-04-10 23:32:09,850 [INFO] __main__: ── Scanning wallets (06:32:09 UTC) ──
2026-04-10 23:32:17,473 [INFO] __main__: ── Scanning wallets (06:32:17 UTC) ──
2026-04-10 23:32:17,475 [WARNING] wallet_monitor: WATCHED_WALLETS is empty. Add wallet addresses to config.py to start monitoring.
2026-04-10 23:32:21,727 [INFO] __main__: ── Scanning wallets (06:32:21 UTC) ──
2026-04-10 23:32:29,195 [INFO] __main__: ── Scanning wallets (06:32:29 UTC) ──
2026-04-10 23:32:29,197 [WARNING] wallet_monitor: No wallets to monitor. Auto-discovery may have failed.
2026-04-10 23:32:47,293 [INFO] __main__: ── Scanning wallets (06:32:47 UTC) ──
2026-04-10 23:32:47,296 [WARNING] wallet_monitor: WATCHED_WALLETS is empty. Add wallet addresses to config.py to start monitoring.
2026-04-10 23:33:10,950 [INFO] __main__: ── Scanning wallets (06:33:10 UTC) ──
2026-04-10 23:33:17,480 [INFO] __main__: ── Scanning wallets (06:33:17 UTC) ──
2026-04-10 23:33:17,483 [WARNING] wallet_monitor: WATCHED_WALLETS is empty. Add wallet addresses to config.py to start monitoring.
2026-04-10 23:33:22,850 [INFO] __main__: ── Scanning wallets (06:33:22 UTC) ──
2026-04-10 23:33:24,111 [ERROR] __main__: Unexpected error in main loop: unsupported format string passed to NoneType.__format__
Traceback (most recent call last):
  File [35m"/Users/jasonuy/Polymarket/bot.py"[0m, line [35m200[0m, in [35mmain[0m
    [31mnotifier.notify_pnl_summary[0m[1;31m(database.get_pnl_summary())[0m
    [31m~~~~~~~~~~~~~~~~~~~~~~~~~~~[0m[1;31m^^^^^^^^^^^^^^^^^^^^^^^^^^^^[0m
  File [35m"/Users/jasonuy/Polymarket/notifier.py"[0m, line [35m82[0m, in [35mnotify_pnl_summary[0m
    f"Total P&L: $[1;31m{summary.get('total_pnl', 0):+.2f}[0m USDC"
                  [1;31m^^^^^^^^^^^^^^^^^^^^^^^^^^^^^^^^^^[0m
[1;35mTypeError[0m: [35munsupported format string passed to NoneType.__format__[0m
2026-04-10 23:33:29,199 [INFO] __main__: ── Scanning wallets (06:33:29 UTC) ──
2026-04-10 23:33:29,200 [WARNING] wallet_monitor: No wallets to monitor. Auto-discovery may have failed.
2026-04-10 23:33:47,299 [INFO] __main__: ── Scanning wallets (06:33:47 UTC) ──
2026-04-10 23:33:47,301 [WARNING] wallet_monitor: WATCHED_WALLETS is empty. Add wallet addresses to config.py to start monitoring.
2026-04-10 23:34:11,586 [INFO] __main__: ── Scanning wallets (06:34:11 UTC) ──
2026-04-10 23:34:17,488 [INFO] __main__: ── Scanning wallets (06:34:17 UTC) ──
2026-04-10 23:34:17,490 [WARNING] wallet_monitor: WATCHED_WALLETS is empty. Add wallet addresses to config.py to start monitoring.
2026-04-10 23:34:24,622 [INFO] __main__: ── Scanning wallets (06:34:24 UTC) ──
2026-04-10 23:34:29,205 [INFO] __main__: ── Scanning wallets (06:34:29 UTC) ──
2026-04-10 23:34:29,206 [WARNING] wallet_monitor: No wallets to monitor. Auto-discovery may have failed.
2026-04-10 23:34:47,304 [INFO] __main__: ── Scanning wallets (06:34:47 UTC) ──
2026-04-10 23:34:47,306 [WARNING] wallet_monitor: WATCHED_WALLETS is empty. Add wallet addresses to config.py to start monitoring.
2026-04-10 23:35:12,935 [INFO] __main__: ── Scanning wallets (06:35:12 UTC) ──
2026-04-10 23:35:14,289 [ERROR] __main__: Unexpected error in main loop: unsupported format string passed to NoneType.__format__
Traceback (most recent call last):
  File [35m"/Users/jasonuy/Polymarket/bot.py"[0m, line [35m200[0m, in [35mmain[0m
    [31mnotifier.notify_pnl_summary[0m[1;31m(database.get_pnl_summary())[0m
    [31m~~~~~~~~~~~~~~~~~~~~~~~~~~~[0m[1;31m^^^^^^^^^^^^^^^^^^^^^^^^^^^^[0m
  File [35m"/Users/jasonuy/Polymarket/notifier.py"[0m, line [35m82[0m, in [35mnotify_pnl_summary[0m
    f"Total P&L: $[1;31m{summary.get('total_pnl', 0):+.2f}[0m USDC"
                  [1;31m^^^^^^^^^^^^^^^^^^^^^^^^^^^^^^^^^^[0m
[1;35mTypeError[0m: [35munsupported format string passed to NoneType.__format__[0m
2026-04-10 23:35:17,493 [INFO] __main__: ── Scanning wallets (06:35:17 UTC) ──
2026-04-10 23:35:17,495 [WARNING] wallet_monitor: WATCHED_WALLETS is empty. Add wallet addresses to config.py to start monitoring.
2026-04-10 23:35:25,145 [INFO] __main__: ── Scanning wallets (06:35:25 UTC) ──
2026-04-10 23:35:29,207 [INFO] __main__: ── Scanning wallets (06:35:29 UTC) ──
2026-04-10 23:35:29,209 [WARNING] wallet_monitor: No wallets to monitor. Auto-discovery may have failed.
2026-04-10 23:35:47,306 [INFO] __main__: ── Scanning wallets (06:35:47 UTC) ──
2026-04-10 23:35:47,309 [WARNING] wallet_monitor: WATCHED_WALLETS is empty. Add wallet addresses to config.py to start monitoring.
2026-04-10 23:36:14,829 [INFO] __main__: ── Scanning wallets (06:36:14 UTC) ──
2026-04-10 23:36:17,497 [INFO] __main__: ── Scanning wallets (06:36:17 UTC) ──
2026-04-10 23:36:17,498 [WARNING] wallet_monitor: WATCHED_WALLETS is empty. Add wallet addresses to config.py to start monitoring.
2026-04-10 23:36:25,839 [INFO] __main__: ── Scanning wallets (06:36:25 UTC) ──
2026-04-10 23:36:29,213 [INFO] __main__: ── Scanning wallets (06:36:29 UTC) ──
2026-04-10 23:36:29,214 [WARNING] wallet_monitor: No wallets to monitor. Auto-discovery may have failed.
2026-04-10 23:36:33,367 [INFO] database: Database initialised at polymarket_bot.db
2026-04-10 23:36:33,367 [INFO] __main__: No wallets configured — auto-discovering top wallets from leaderboard...
2026-04-10 23:36:33,367 [INFO] wallet_discovery: Auto-discovering top wallets from Polymarket leaderboard...
2026-04-10 23:36:33,709 [INFO] wallet_discovery: Discovered 10 wallets from leaderboard:
2026-04-10 23:36:33,710 [INFO] wallet_discovery:   1. 0x02227b8f5a9636e895607edd3185ed6ee5598ff7
2026-04-10 23:36:33,710 [INFO] wallet_discovery:   2. 0xefbc5fec8d7b0acdc8911bdd9a98d6964308f9a2
2026-04-10 23:36:33,710 [INFO] wallet_discovery:   3. 0xc2e7800b5af46e6093872b177b7a5e7f0563be51
2026-04-10 23:36:33,710 [INFO] wallet_discovery:   4. 0x019782cab5d844f02bafb71f512758be78579f3c
2026-04-10 23:36:33,710 [INFO] wallet_discovery:   5. 0x2005d16a84ceefa912d4e380cd32e7ff827875ea
2026-04-10 23:36:33,710 [INFO] wallet_discovery:   6. 0xbddf61af533ff524d27154e589d2d7a81510c684
2026-04-10 23:36:33,711 [INFO] wallet_discovery:   7. 0xee613b3fc183ee44f9da9c05f53e2da107e3debf
2026-04-10 23:36:33,711 [INFO] wallet_discovery:   8. 0x2a2c53bd278c04da9962fcf96490e17f3dfb9bc1
2026-04-10 23:36:33,711 [INFO] wallet_discovery:   9. 0x93abbc022ce98d6f45d4444b594791cc4b7a9723
2026-04-10 23:36:33,711 [INFO] wallet_discovery:   10. 0xdc876e6873772d38716fda7f2452a78d426d7ab6
2026-04-10 23:36:33,711 [INFO] __main__: ============================================================
2026-04-10 23:36:33,711 [INFO] __main__:   Polymarket Copy-Trade Bot  |  Mode: PAPER TRADE
2026-04-10 23:36:33,711 [INFO] __main__:   Watching 10 wallet(s)  |  Poll every 60s
2026-04-10 23:36:33,711 [INFO] __main__: ============================================================
2026-04-10 23:36:34,240 [INFO] __main__: ── Scanning wallets (06:36:34 UTC) ──
2026-04-10 23:36:47,309 [INFO] __main__: ── Scanning wallets (06:36:47 UTC) ──
2026-04-10 23:36:47,311 [WARNING] wallet_monitor: WATCHED_WALLETS is empty. Add wallet addresses to config.py to start monitoring.
2026-04-10 23:37:17,503 [INFO] __main__: ── Scanning wallets (06:37:17 UTC) ──
2026-04-10 23:37:17,505 [WARNING] wallet_monitor: WATCHED_WALLETS is empty. Add wallet addresses to config.py to start monitoring.
2026-04-10 23:37:27,185 [INFO] __main__: ── Scanning wallets (06:37:27 UTC) ──
2026-04-10 23:37:29,219 [INFO] __main__: ── Scanning wallets (06:37:29 UTC) ──
2026-04-10 23:37:29,220 [WARNING] wallet_monitor: No wallets to monitor. Auto-discovery may have failed.
2026-04-10 23:37:35,251 [INFO] __main__: ── Scanning wallets (06:37:35 UTC) ──
2026-04-10 23:37:47,316 [INFO] __main__: ── Scanning wallets (06:37:47 UTC) ──
2026-04-10 23:37:47,318 [WARNING] wallet_monitor: WATCHED_WALLETS is empty. Add wallet addresses to config.py to start monitoring.
2026-04-10 23:38:17,510 [INFO] __main__: ── Scanning wallets (06:38:17 UTC) ──
2026-04-10 23:38:17,512 [WARNING] wallet_monitor: WATCHED_WALLETS is empty. Add wallet addresses to config.py to start monitoring.
2026-04-10 23:38:27,941 [INFO] __main__: ── Scanning wallets (06:38:27 UTC) ──
2026-04-10 23:38:29,221 [INFO] __main__: ── Scanning wallets (06:38:29 UTC) ──
2026-04-10 23:38:29,222 [WARNING] wallet_monitor: No wallets to monitor. Auto-discovery may have failed.
2026-04-10 23:38:36,049 [INFO] __main__: ── Scanning wallets (06:38:36 UTC) ──
2026-04-10 23:38:47,324 [INFO] __main__: ── Scanning wallets (06:38:47 UTC) ──
2026-04-10 23:38:47,329 [WARNING] wallet_monitor: WATCHED_WALLETS is empty. Add wallet addresses to config.py to start monitoring.
2026-04-10 23:38:47,333 [ERROR] __main__: Unexpected error in main loop: unsupported format string passed to NoneType.__format__
Traceback (most recent call last):
  File [35m"/Users/jasonuy/Polymarket/bot.py"[0m, line [35m172[0m, in [35mmain[0m
    return _acti[1;31mve_wallets[0m
                [1;31m^^^^^^^^^^[0m
  File [35m"/Users/jasonuy/Polymarket/notifier.py"[0m, line [35m82[0m, in [35mnotify_pnl_summary[0m
    f"Total P&L: $[1;31m{summary.get('total_pnl', 0):+.2f}[0m USDC"
                  [1;31m^^^^^^^^^^^^^^^^^^^^^^^^^^^^^^^^^^[0m
[1;35mTypeError[0m: [35munsupported format string passed to NoneType.__format__[0m
2026-04-10 23:39:17,515 [INFO] __main__: ── Scanning wallets (06:39:17 UTC) ──
2026-04-10 23:39:17,516 [WARNING] wallet_monitor: WATCHED_WALLETS is empty. Add wallet addresses to config.py to start monitoring.
2026-04-10 23:39:17,521 [ERROR] __main__: Unexpected error in main loop: unsupported format string passed to NoneType.__format__
Traceback (most recent call last):
  File [35m"/Users/jasonuy/Polymarket/bot.py"[0m, line [35m172[0m, in [35mmain[0m
    return _acti[1;31mve_wallets[0m
                [1;31m^^^^^^^^^^[0m
  File [35m"/Users/jasonuy/Polymarket/notifier.py"[0m, line [35m82[0m, in [35mnotify_pnl_summary[0m
    f"Total P&L: $[1;31m{summary.get('total_pnl', 0):+.2f}[0m USDC"
                  [1;31m^^^^^^^^^^^^^^^^^^^^^^^^^^^^^^^^^^[0m
[1;35mTypeError[0m: [35munsupported format string passed to NoneType.__format__[0m
2026-04-10 23:39:29,227 [INFO] __main__: ── Scanning wallets (06:39:29 UTC) ──
2026-04-10 23:39:29,228 [WARNING] wallet_monitor: No wallets to monitor. Auto-discovery may have failed.
2026-04-10 23:39:29,232 [ERROR] __main__: Unexpected error in main loop: unsupported format string passed to NoneType.__format__
Traceback (most recent call last):
  File [35m"/Users/jasonuy/Polymarket/bot.py"[0m, line [35m200[0m, in [35mmain[0m
    except K[1;31meyboardInterrupt:[0m
            [1;31m^^^^^^^^^^^^^^^^^[0m
  File [35m"/Users/jasonuy/Polymarket/notifier.py"[0m, line [35m82[0m, in [35mnotify_pnl_summary[0m
    f"Total P&L: $[1;31m{summary.get('total_pnl', 0):+.2f}[0m USDC"
                  [1;31m^^^^^^^^^^^^^^^^^^^^^^^^^^^^^^^^^^[0m
[1;35mTypeError[0m: [35munsupported format string passed to NoneType.__format__[0m
2026-04-10 23:39:29,354 [INFO] __main__: ── Scanning wallets (06:39:29 UTC) ──
2026-04-10 23:39:36,753 [INFO] __main__: ── Scanning wallets (06:39:36 UTC) ──
2026-04-10 23:39:47,873 [INFO] __main__: ── Scanning wallets (06:39:47 UTC) ──
2026-04-10 23:39:47,874 [WARNING] wallet_monitor: WATCHED_WALLETS is empty. Add wallet addresses to config.py to start monitoring.
2026-04-10 23:40:18,063 [INFO] __main__: ── Scanning wallets (06:40:18 UTC) ──
2026-04-10 23:40:18,065 [WARNING] wallet_monitor: WATCHED_WALLETS is empty. Add wallet addresses to config.py to start monitoring.
2026-04-10 23:40:29,731 [INFO] __main__: ── Scanning wallets (06:40:29 UTC) ──
2026-04-10 23:40:29,733 [WARNING] wallet_monitor: No wallets to monitor. Auto-discovery may have failed.
2026-04-10 23:40:30,540 [INFO] __main__: ── Scanning wallets (06:40:30 UTC) ──
2026-04-10 23:40:37,731 [INFO] __main__: ── Scanning wallets (06:40:37 UTC) ──
2026-04-10 23:40:47,880 [INFO] __main__: ── Scanning wallets (06:40:47 UTC) ──
2026-04-10 23:40:47,882 [WARNING] wallet_monitor: WATCHED_WALLETS is empty. Add wallet addresses to config.py to start monitoring.
2026-04-10 23:41:18,071 [INFO] __main__: ── Scanning wallets (06:41:18 UTC) ──
2026-04-10 23:41:18,073 [WARNING] wallet_monitor: WATCHED_WALLETS is empty. Add wallet addresses to config.py to start monitoring.
2026-04-10 23:41:29,738 [INFO] __main__: ── Scanning wallets (06:41:29 UTC) ──
2026-04-10 23:41:29,740 [WARNING] wallet_monitor: No wallets to monitor. Auto-discovery may have failed.
2026-04-10 23:41:31,484 [INFO] __main__: ── Scanning wallets (06:41:31 UTC) ──
2026-04-10 23:41:38,425 [INFO] __main__: ── Scanning wallets (06:41:38 UTC) ──
2026-04-10 23:41:47,887 [INFO] __main__: ── Scanning wallets (06:41:47 UTC) ──
2026-04-10 23:41:47,889 [WARNING] wallet_monitor: WATCHED_WALLETS is empty. Add wallet addresses to config.py to start monitoring.
2026-04-10 23:42:18,075 [INFO] __main__: ── Scanning wallets (06:42:18 UTC) ──
2026-04-10 23:42:18,077 [WARNING] wallet_monitor: WATCHED_WALLETS is empty. Add wallet addresses to config.py to start monitoring.
2026-04-10 23:42:29,746 [INFO] __main__: ── Scanning wallets (06:42:29 UTC) ──
2026-04-10 23:42:29,748 [WARNING] wallet_monitor: No wallets to monitor. Auto-discovery may have failed.
2026-04-10 23:42:32,694 [INFO] __main__: ── Scanning wallets (06:42:32 UTC) ──
2026-04-10 23:42:39,197 [INFO] __main__: ── Scanning wallets (06:42:39 UTC) ──
2026-04-10 23:42:47,894 [INFO] __main__: ── Scanning wallets (06:42:47 UTC) ──
2026-04-10 23:42:47,897 [WARNING] wallet_monitor: WATCHED_WALLETS is empty. Add wallet addresses to config.py to start monitoring.
2026-04-10 23:43:18,080 [INFO] __main__: ── Scanning wallets (06:43:18 UTC) ──
2026-04-10 23:43:18,082 [WARNING] wallet_monitor: WATCHED_WALLETS is empty. Add wallet addresses to config.py to start monitoring.
2026-04-10 23:43:29,755 [INFO] __main__: ── Scanning wallets (06:43:29 UTC) ──
2026-04-10 23:43:29,757 [WARNING] wallet_monitor: No wallets to monitor. Auto-discovery may have failed.
2026-04-10 23:43:33,995 [INFO] __main__: ── Scanning wallets (06:43:33 UTC) ──
2026-04-10 23:43:34,792 [ERROR] __main__: Unexpected error in main loop: unsupported format string passed to NoneType.__format__
Traceback (most recent call last):
  File [35m"/Users/jasonuy/Polymarket/bot.py"[0m, line [35m200[0m, in [35mmain[0m
    except K[1;31meyboardInterrupt:[0m
            [1;31m^^^^^^^^^^^^^^^^^[0m
  File [35m"/Users/jasonuy/Polymarket/notifier.py"[0m, line [35m82[0m, in [35mnotify_pnl_summary[0m
    f"Total P&L: $[1;31m{summary.get('total_pnl', 0):+.2f}[0m USDC"
                  [1;31m^^^^^^^^^^^^^^^^^^^^^^^^^^^^^^^^^^[0m
[1;35mTypeError[0m: [35munsupported format string passed to NoneType.__format__[0m
2026-04-10 23:43:40,254 [INFO] __main__: ── Scanning wallets (06:43:40 UTC) ──
2026-04-10 23:43:47,899 [INFO] __main__: ── Scanning wallets (06:43:47 UTC) ──
2026-04-10 23:43:47,902 [WARNING] wallet_monitor: WATCHED_WALLETS is empty. Add wallet addresses to config.py to start monitoring.
2026-04-10 23:44:18,088 [INFO] __main__: ── Scanning wallets (06:44:18 UTC) ──
2026-04-10 23:44:18,090 [WARNING] wallet_monitor: WATCHED_WALLETS is empty. Add wallet addresses to config.py to start monitoring.
2026-04-10 23:44:29,762 [INFO] __main__: ── Scanning wallets (06:44:29 UTC) ──
2026-04-10 23:44:29,763 [WARNING] wallet_monitor: No wallets to monitor. Auto-discovery may have failed.
2026-04-10 23:44:35,295 [INFO] __main__: ── Scanning wallets (06:44:35 UTC) ──
2026-04-10 23:44:41,089 [INFO] __main__: ── Scanning wallets (06:44:41 UTC) ──
2026-04-10 23:44:47,906 [INFO] __main__: ── Scanning wallets (06:44:47 UTC) ──
2026-04-10 23:44:47,907 [WARNING] wallet_monitor: WATCHED_WALLETS is empty. Add wallet addresses to config.py to start monitoring.
2026-04-10 23:45:18,096 [INFO] __main__: ── Scanning wallets (06:45:18 UTC) ──
2026-04-10 23:45:18,098 [WARNING] wallet_monitor: WATCHED_WALLETS is empty. Add wallet addresses to config.py to start monitoring.
2026-04-10 23:45:29,770 [INFO] __main__: ── Scanning wallets (06:45:29 UTC) ──
2026-04-10 23:45:29,771 [WARNING] wallet_monitor: No wallets to monitor. Auto-discovery may have failed.
2026-04-10 23:45:36,526 [INFO] __main__: ── Scanning wallets (06:45:36 UTC) ──
2026-04-10 23:45:41,554 [INFO] __main__: ── Scanning wallets (06:45:41 UTC) ──
2026-04-10 23:45:42,039 [INFO] __main__: P&L Summary | total=0 open=0 closed=0 pnl=+0.00 USDC
2026-04-10 23:45:47,910 [INFO] __main__: ── Scanning wallets (06:45:47 UTC) ──
2026-04-10 23:45:47,912 [WARNING] wallet_monitor: WATCHED_WALLETS is empty. Add wallet addresses to config.py to start monitoring.
2026-04-10 23:46:18,105 [INFO] __main__: ── Scanning wallets (06:46:18 UTC) ──
2026-04-10 23:46:18,106 [WARNING] wallet_monitor: WATCHED_WALLETS is empty. Add wallet addresses to config.py to start monitoring.
2026-04-10 23:46:29,777 [INFO] __main__: ── Scanning wallets (06:46:29 UTC) ──
2026-04-10 23:46:29,779 [WARNING] wallet_monitor: No wallets to monitor. Auto-discovery may have failed.
2026-04-10 23:46:37,851 [INFO] __main__: ── Scanning wallets (06:46:37 UTC) ──
2026-04-10 23:46:42,585 [INFO] __main__: ── Scanning wallets (06:46:42 UTC) ──
2026-04-10 23:46:47,918 [INFO] __main__: ── Scanning wallets (06:46:47 UTC) ──
2026-04-10 23:46:47,919 [WARNING] wallet_monitor: WATCHED_WALLETS is empty. Add wallet addresses to config.py to start monitoring.
2026-04-10 23:47:18,109 [INFO] __main__: ── Scanning wallets (06:47:18 UTC) ──
2026-04-10 23:47:18,111 [WARNING] wallet_monitor: WATCHED_WALLETS is empty. Add wallet addresses to config.py to start monitoring.
2026-04-10 23:47:29,782 [INFO] __main__: ── Scanning wallets (06:47:29 UTC) ──
2026-04-10 23:47:29,784 [WARNING] wallet_monitor: No wallets to monitor. Auto-discovery may have failed.
2026-04-10 23:47:38,800 [INFO] __main__: ── Scanning wallets (06:47:38 UTC) ──
2026-04-10 23:47:42,762 [INFO] __main__: ── Scanning wallets (06:47:42 UTC) ──
2026-04-10 23:47:47,922 [INFO] __main__: ── Scanning wallets (06:47:47 UTC) ──
2026-04-10 23:47:47,923 [WARNING] wallet_monitor: WATCHED_WALLETS is empty. Add wallet addresses to config.py to start monitoring.
2026-04-10 23:48:18,113 [INFO] __main__: ── Scanning wallets (06:48:18 UTC) ──
2026-04-10 23:48:18,114 [WARNING] wallet_monitor: WATCHED_WALLETS is empty. Add wallet addresses to config.py to start monitoring.
2026-04-10 23:48:29,789 [INFO] __main__: ── Scanning wallets (06:48:29 UTC) ──
2026-04-10 23:48:29,790 [WARNING] wallet_monitor: No wallets to monitor. Auto-discovery may have failed.
2026-04-10 23:48:40,329 [INFO] __main__: ── Scanning wallets (06:48:40 UTC) ──
2026-04-10 23:48:43,095 [INFO] __main__: ── Scanning wallets (06:48:43 UTC) ──
2026-04-10 23:48:47,923 [INFO] __main__: ── Scanning wallets (06:48:47 UTC) ──
2026-04-10 23:48:47,926 [WARNING] wallet_monitor: WATCHED_WALLETS is empty. Add wallet addresses to config.py to start monitoring.
2026-04-10 23:48:47,930 [ERROR] __main__: Unexpected error in main loop: unsupported format string passed to NoneType.__format__
Traceback (most recent call last):
  File [35m"/Users/jasonuy/Polymarket/bot.py"[0m, line [35m172[0m, in [35mmain[0m
    return _acti[1;31mve_wallets[0m
                [1;31m^^^^^^^^^^[0m
  File [35m"/Users/jasonuy/Polymarket/notifier.py"[0m, line [35m82[0m, in [35mnotify_pnl_summary[0m
    f"Total P&L: $[1;31m{summary.get('total_pnl', 0):+.2f}[0m USDC"
                  [1;31m^^^^^^^^^^^^^^^^^^^^^^^^^^^^^^^^^^[0m
[1;35mTypeError[0m: [35munsupported format string passed to NoneType.__format__[0m
2026-04-10 23:49:18,115 [INFO] __main__: ── Scanning wallets (06:49:18 UTC) ──
2026-04-10 23:49:18,117 [WARNING] wallet_monitor: WATCHED_WALLETS is empty. Add wallet addresses to config.py to start monitoring.
2026-04-10 23:49:18,122 [ERROR] __main__: Unexpected error in main loop: unsupported format string passed to NoneType.__format__
Traceback (most recent call last):
  File [35m"/Users/jasonuy/Polymarket/bot.py"[0m, line [35m172[0m, in [35mmain[0m
    return _acti[1;31mve_wallets[0m
                [1;31m^^^^^^^^^^[0m
  File [35m"/Users/jasonuy/Polymarket/notifier.py"[0m, line [35m82[0m, in [35mnotify_pnl_summary[0m
    f"Total P&L: $[1;31m{summary.get('total_pnl', 0):+.2f}[0m USDC"
                  [1;31m^^^^^^^^^^^^^^^^^^^^^^^^^^^^^^^^^^[0m
[1;35mTypeError[0m: [35munsupported format string passed to NoneType.__format__[0m
2026-04-10 23:49:29,793 [INFO] __main__: ── Scanning wallets (06:49:29 UTC) ──
2026-04-10 23:49:29,796 [WARNING] wallet_monitor: No wallets to monitor. Auto-discovery may have failed.
2026-04-10 23:49:29,800 [ERROR] __main__: Unexpected error in main loop: unsupported format string passed to NoneType.__format__
Traceback (most recent call last):
  File [35m"/Users/jasonuy/Polymarket/bot.py"[0m, line [35m200[0m, in [35mmain[0m
    except K[1;31meyboardInterrupt:[0m
            [1;31m^^^^^^^^^^^^^^^^^[0m
  File [35m"/Users/jasonuy/Polymarket/notifier.py"[0m, line [35m82[0m, in [35mnotify_pnl_summary[0m
    f"Total P&L: $[1;31m{summary.get('total_pnl', 0):+.2f}[0m USDC"
                  [1;31m^^^^^^^^^^^^^^^^^^^^^^^^^^^^^^^^^^[0m
[1;35mTypeError[0m: [35munsupported format string passed to NoneType.__format__[0m
2026-04-10 23:49:41,920 [INFO] __main__: ── Scanning wallets (06:49:41 UTC) ──
2026-04-10 23:49:41,923 [ERROR] __main__: Unexpected error in main loop: Could not find a suitable TLS CA certificate bundle, invalid path: /Users/jasonuy/Polymarket/venv/lib/python3.13/site-packages/certifi/cacert.pem
Traceback (most recent call last):
  File [35m"/Users/jasonuy/Polymarket/bot.py"[0m, line [35m194[0m, in [35mmain[0m
  File [35m"/Users/jasonuy/Polymarket/bot.py"[0m, line [35m127[0m, in [35mrun_once[0m
  File [35m"/Users/jasonuy/Polymarket/wallet_monitor.py"[0m, line [35m90[0m, in [35mscan_wallets[0m
  File [35m"/Users/jasonuy/Polymarket/api_client.py"[0m, line [35m38[0m, in [35mget_wallet_activity[0m
  File [35m"/Users/jasonuy/Polymarket/api_client.py"[0m, line [35m23[0m, in [35m_get[0m
  File [35m"/Users/jasonuy/Polymarket/venv/lib/python3.13/site-packages/requests/sessions.py"[0m, line [35m605[0m, in [35mget[0m
  File [35m"/Users/jasonuy/Polymarket/venv/lib/python3.13/site-packages/requests/sessions.py"[0m, line [35m592[0m, in [35mrequest[0m
  File [35m"/Users/jasonuy/Polymarket/venv/lib/python3.13/site-packages/requests/sessions.py"[0m, line [35m706[0m, in [35msend[0m
  File [35m"/Users/jasonuy/Polymarket/venv/lib/python3.13/site-packages/requests/adapters.py"[0m, line [35m617[0m, in [35msend[0m
  File [35m"/Users/jasonuy/Polymarket/venv/lib/python3.13/site-packages/requests/adapters.py"[0m, line [35m304[0m, in [35mcert_verify[0m
[1;35mOSError[0m: [35mCould not find a suitable TLS CA certificate bundle, invalid path: /Users/jasonuy/Polymarket/venv/lib/python3.13/site-packages/certifi/cacert.pem[0m
2026-04-10 23:49:41,925 [WARNING] notifier: Telegram send failed: Could not find a suitable TLS CA certificate bundle, invalid path: /Users/jasonuy/Polymarket/venv/lib/python3.13/site-packages/certifi/cacert.pem
2026-04-10 23:49:43,249 [INFO] __main__: ── Scanning wallets (06:49:43 UTC) ──
2026-04-10 23:49:43,251 [ERROR] __main__: Unexpected error in main loop: Could not find a suitable TLS CA certificate bundle, invalid path: /Users/jasonuy/Polymarket/venv/lib/python3.13/site-packages/certifi/cacert.pem
Traceback (most recent call last):
  File [35m"/Users/jasonuy/Polymarket/bot.py"[0m, line [35m192[0m, in [35mmain[0m
  File [35m"/Users/jasonuy/Polymarket/bot.py"[0m, line [35m127[0m, in [35mrun_once[0m
  File [35m"/Users/jasonuy/Polymarket/wallet_monitor.py"[0m, line [35m90[0m, in [35mscan_wallets[0m
  File [35m"/Users/jasonuy/Polymarket/api_client.py"[0m, line [35m38[0m, in [35mget_wallet_activity[0m
  File [35m"/Users/jasonuy/Polymarket/api_client.py"[0m, line [35m23[0m, in [35m_get[0m
  File [35m"/Users/jasonuy/Polymarket/venv/lib/python3.13/site-packages/requests/sessions.py"[0m, line [35m605[0m, in [35mget[0m
  File [35m"/Users/jasonuy/Polymarket/venv/lib/python3.13/site-packages/requests/sessions.py"[0m, line [35m592[0m, in [35mrequest[0m
  File [35m"/Users/jasonuy/Polymarket/venv/lib/python3.13/site-packages/requests/sessions.py"[0m, line [35m706[0m, in [35msend[0m
  File [35m"/Users/jasonuy/Polymarket/venv/lib/python3.13/site-packages/requests/adapters.py"[0m, line [35m617[0m, in [35msend[0m
  File [35m"/Users/jasonuy/Polymarket/venv/lib/python3.13/site-packages/requests/adapters.py"[0m, line [35m304[0m, in [35mcert_verify[0m
[1;35mOSError[0m: [35mCould not find a suitable TLS CA certificate bundle, invalid path: /Users/jasonuy/Polymarket/venv/lib/python3.13/site-packages/certifi/cacert.pem[0m
2026-04-10 23:49:43,254 [WARNING] notifier: Telegram send failed: Could not find a suitable TLS CA certificate bundle, invalid path: /Users/jasonuy/Polymarket/venv/lib/python3.13/site-packages/certifi/cacert.pem
2026-04-10 23:49:48,470 [INFO] __main__: ── Scanning wallets (06:49:48 UTC) ──
2026-04-10 23:49:48,471 [WARNING] wallet_monitor: WATCHED_WALLETS is empty. Add wallet addresses to config.py to start monitoring.
